<?xml version="1.0" encoding="UTF-8"?>
<testng-results ignored="0" total="1" passed="1" failed="0" skipped="0">
  <reporter-output>
  </reporter-output>
  <suite started-at="2021-07-18T02:32:24 EDT" name="Default suite" finished-at="2021-07-18T02:32:34 EDT" duration-ms="9427">
    <groups>
    </groups>
    <test started-at="2021-07-18T02:32:24 EDT" name="Default test" finished-at="2021-07-18T02:32:34 EDT" duration-ms="9427">
      <class name="com.smoke.TestRun">
        <test-method is-config="true" signature="setUp()[pri:0, instance:com.smoke.TestRun@693fe6c9]" started-at="2021-07-18T02:32:24 EDT" name="setUp" finished-at="2021-07-18T02:32:29 EDT" duration-ms="4941" status="PASS">
          <reporter-output>
          </reporter-output>
        </test-method> <!-- setUp -->
        <test-method signature="getlogin()[pri:0, instance:com.smoke.TestRun@693fe6c9]" started-at="2021-07-18T02:32:29 EDT" name="getlogin" finished-at="2021-07-18T02:32:33 EDT" duration-ms="4083" status="PASS">
          <reporter-output>
          </reporter-output>
        </test-method> <!-- getlogin -->
        <test-method is-config="true" signature="tearDown()[pri:0, instance:com.smoke.TestRun@693fe6c9]" started-at="2021-07-18T02:32:33 EDT" name="tearDown" finished-at="2021-07-18T02:32:34 EDT" duration-ms="293" status="PASS">
          <reporter-output>
          </reporter-output>
        </test-method> <!-- tearDown -->
      </class> <!-- com.smoke.TestRun -->
    </test> <!-- Default test -->
  </suite> <!-- Default suite -->
</testng-results>
